<?xml version="1.0" encoding="UTF-8"?>
<!-- Generated by org.testng.reporters.JUnitXMLReporter -->
<testsuite hostname="IVL-WS131" failures="1" tests="17" name="Surefire test" time="187.631" errors="0" timestamp="15 Dec 2021 07:02:02 GMT">
  <testcase classname="TestNGRunners.cartTest" name="runScenario" time="9.608"/>
  <testcase classname="TestNGRunners.cartTest" name="runScenario" time="6.873"/>
  <testcase classname="TestNGRunners.cartTest" name="runScenario" time="22.584"/>
  <testcase classname="TestNGRunners.cartTest" name="runScenario" time="18.71"/>
  <testcase classname="TestNGRunners.loginTests" name="runScenario" time="10.786"/>
  <testcase classname="TestNGRunners.loginTests" name="runScenario" time="7.464"/>
  <testcase classname="TestNGRunners.loginTests" name="runScenario" time="9.286"/>
  <testcase classname="TestNGRunners.loginTests" name="runScenario" time="8.882"/>
  <testcase classname="TestNGRunners.loginTests" name="runScenario" time="9.624"/>
  <testcase classname="TestNGRunners.RegisterTest" name="runScenario" time="8.781"/>
  <testcase classname="TestNGRunners.RegisterTest" name="runScenario" time="9.48"/>
  <testcase classname="TestNGRunners.RegisterTest" name="runScenario" time="7.865"/>
  <testcase classname="TestNGRunners.RegisterTest" name="runScenario" time="6.758"/>
  <testcase classname="TestNGRunners.RegisterTest" name="runScenario" time="6.89"/>
  <testcase classname="TestNGRunners.RegisterTest" name="runScenario" time="21.103">
    <failure type="org.openqa.selenium.NoSuchElementException" message="no such element: Unable to locate element: {&amp;quot;method&amp;quot;:&amp;quot;css selector&amp;quot;,&amp;quot;selector&amp;quot;:&amp;quot;span[id=&amp;apos;Password-error&amp;apos;] p&amp;quot;}
  (Session info: chrome=96.0.4664.110)
For documentation on this error, please visit: https://selenium.dev/exceptions/#no_such_element
Build info: version: &amp;apos;4.0.0&amp;apos;, revision: &amp;apos;3a21814679&amp;apos;
System info: host: &amp;apos;IVL-WS131&amp;apos;, ip: &amp;apos;10.0.12.34&amp;apos;, os.name: &amp;apos;Windows 10&amp;apos;, os.arch: &amp;apos;amd64&amp;apos;, os.version: &amp;apos;10.0&amp;apos;, java.version: &amp;apos;11.0.12&amp;apos;
Driver info: org.openqa.selenium.chrome.ChromeDriver
Command: [0d5f342bc00e1b7d19a230ce5761dab3, findElement {using=css selector, value=span[id=&amp;apos;Password-error&amp;apos;] p}]
Capabilities {acceptInsecureCerts: false, browserName: chrome, browserVersion: 96.0.4664.110, chrome: {chromedriverVersion: 96.0.4664.45 (76e4c1bb2ab46..., userDataDir: C:\Users\SINDHU~1.NAI\AppDa...}, goog:chromeOptions: {debuggerAddress: localhost:62315}, javascriptEnabled: true, networkConnectionEnabled: false, pageLoadStrategy: normal, platform: WINDOWS, platformName: WINDOWS, proxy: Proxy(), se:cdp: ws://localhost:62315/devtoo..., se:cdpVersion: 96.0.4664.110, setWindowRect: true, strictFileInteractability: false, timeouts: {implicit: 0, pageLoad: 300000, script: 30000}, unhandledPromptBehavior: dismiss and notify, webauthn:extension:credBlob: true, webauthn:extension:largeBlob: true, webauthn:virtualAuthenticators: true}
Session ID: 0d5f342bc00e1b7d19a230ce5761dab3">
      <![CDATA[org.openqa.selenium.NoSuchElementException: no such element: Unable to locate element: {"method":"css selector","selector":"span[id='Password-error'] p"}
  (Session info: chrome=96.0.4664.110)
For documentation on this error, please visit: https://selenium.dev/exceptions/#no_such_element
Build info: version: '4.0.0', revision: '3a21814679'
System info: host: 'IVL-WS131', ip: '10.0.12.34', os.name: 'Windows 10', os.arch: 'amd64', os.version: '10.0', java.version: '11.0.12'
Driver info: org.openqa.selenium.chrome.ChromeDriver
Command: [0d5f342bc00e1b7d19a230ce5761dab3, findElement {using=css selector, value=span[id='Password-error'] p}]
Capabilities {acceptInsecureCerts: false, browserName: chrome, browserVersion: 96.0.4664.110, chrome: {chromedriverVersion: 96.0.4664.45 (76e4c1bb2ab46..., userDataDir: C:\Users\SINDHU~1.NAI\AppDa...}, goog:chromeOptions: {debuggerAddress: localhost:62315}, javascriptEnabled: true, networkConnectionEnabled: false, pageLoadStrategy: normal, platform: WINDOWS, platformName: WINDOWS, proxy: Proxy(), se:cdp: ws://localhost:62315/devtoo..., se:cdpVersion: 96.0.4664.110, setWindowRect: true, strictFileInteractability: false, timeouts: {implicit: 0, pageLoad: 300000, script: 30000}, unhandledPromptBehavior: dismiss and notify, webauthn:extension:credBlob: true, webauthn:extension:largeBlob: true, webauthn:virtualAuthenticators: true}
Session ID: 0d5f342bc00e1b7d19a230ce5761dab3
	at org.openqa.selenium.remote.codec.w3c.W3CHttpResponseCodec.createException(W3CHttpResponseCodec.java:200)
	at org.openqa.selenium.remote.codec.w3c.W3CHttpResponseCodec.decode(W3CHttpResponseCodec.java:133)
	at org.openqa.selenium.remote.codec.w3c.W3CHttpResponseCodec.decode(W3CHttpResponseCodec.java:53)
	at org.openqa.selenium.remote.HttpCommandExecutor.execute(HttpCommandExecutor.java:184)
	at org.openqa.selenium.remote.service.DriverCommandExecutor.invokeExecute(DriverCommandExecutor.java:164)
	at org.openqa.selenium.remote.service.DriverCommandExecutor.execute(DriverCommandExecutor.java:139)
	at org.openqa.selenium.remote.RemoteWebDriver.execute(RemoteWebDriver.java:559)
	at org.openqa.selenium.remote.ElementLocation$ElementFinder$2.findElement(ElementLocation.java:162)
	at org.openqa.selenium.remote.ElementLocation.findElement(ElementLocation.java:60)
	at org.openqa.selenium.remote.RemoteWebDriver.findElement(RemoteWebDriver.java:383)
	at org.openqa.selenium.remote.RemoteWebDriver.findElement(RemoteWebDriver.java:375)
	at org.openqa.selenium.support.pagefactory.DefaultElementLocator.findElement(DefaultElementLocator.java:70)
	at org.openqa.selenium.support.pagefactory.internal.LocatingElementHandler.invoke(LocatingElementHandler.java:39)
	at com.sun.proxy.$Proxy28.getText(Unknown Source)
	at automation.registerAutomation.user_gets_error_message_for_invalid_password(registerAutomation.java:211)
	at âœ½.user gets error message for invalid password(file:///C:/Users/Sindhu.Naik/eclipse-workspace/Cucumbernop/src/test/resources/Features/registeration.feature:47)
... Removed 4 stack frames]]>
    </failure>
  </testcase> <!-- runScenario -->
  <testcase classname="TestNGRunners.RegisterTest" name="runScenario" time="6.306"/>
  <testcase classname="TestNGRunners.searchTest" name="runScenario" time="10.98"/>
</testsuite> <!-- Surefire test -->
